#
# There is insufficient memory for the Java Runtime Environment to continue.
# Native memory allocation (malloc) failed to allocate 32744 bytes for ChunkPool::allocate
# Possible reasons:
#   The system is out of physical RAM or swap space
#   The process is running with CompressedOops enabled, and the Java Heap may be blocking the growth of the native heap
# Possible solutions:
#   Reduce memory load on the system
#   Increase physical memory or swap space
#   Check if swap backing store is full
#   Decrease Java heap size (-Xmx/-Xms)
#   Decrease number of Java threads
#   Decrease Java thread stack sizes (-Xss)
#   Set larger code cache with -XX:ReservedCodeCacheSize=
#   JVM is running with Unscaled Compressed Oops mode in which the Java heap is
#     placed in the first 4GB address space. The Java Heap base address is the
#     maximum limit for the native heap growth. Please use -XX:HeapBaseMinAddress
#     to set the Java Heap base and to place the Java Heap above 4GB virtual address.
# This output file may be truncated or incomplete.
#
#  Out of Memory Error (src/hotspot/share/memory/arena.cpp:81), pid=12888, tid=12480
#
# JRE version: OpenJDK Runtime Environment JBR-11.0.14.1.1-2043.25-jcef (11.0.14.1+1) (build 11.0.14.1+1-b2043.25)
# Java VM: OpenJDK 64-Bit Server VM JBR-11.0.14.1.1-2043.25-jcef (11.0.14.1+1-b2043.25, mixed mode, tiered, compressed oops, g1 gc, windows-amd64)
# No core dump will be written. Minidumps are not enabled by default on client versions of Windows
#

---------------  S U M M A R Y ------------

Command Line: -Djava.rmi.server.hostname=127.0.0.1 -Duser.timezone=UTC -Xmx750m -Xms128m -Dfile.encoding=UTF-8 com.intellij.database.remote.RemoteJdbcServer com.mysql.cj.jdbc.Driver

Host: Intel(R) Core(TM) i7-2760QM CPU @ 2.40GHz, 8 cores, 7G,  Windows 10 , 64 bit Build 19041 (10.0.19041.1151)
Time: Sun Jul  2 18:40:38 2023 W. Central Africa Standard Time elapsed time: 3607.336506 seconds (0d 1h 0m 7s)

---------------  T H R E A D  ---------------

Current thread (0x000001d022fa5000):  JavaThread "C2 CompilerThread0" daemon [_thread_in_native, id=12480, stack(0x0000004013d00000,0x0000004013e00000)]


Current CompileTask:
C2:3607336 2630       4       java.io.ObjectInputStream::readClassDesc (123 bytes)

Stack: [0x0000004013d00000,0x0000004013e00000]
Native frames: (J=compiled Java code, j=interpreted, Vv=VM code, C=native code)
V  [jvm.dll+0x61618a]
V  [jvm.dll+0x79c450]
V  [jvm.dll+0x79da6d]
V  [jvm.dll+0x79e143]
V  [jvm.dll+0x24c968]
V  [jvm.dll+0xc165b]
V  [jvm.dll+0xc190c]
V  [jvm.dll+0x5f476a]
V  [jvm.dll+0x5f5099]
V  [jvm.dll+0x1903dd]
V  [jvm.dll+0x644c05]
V  [jvm.dll+0x643a1d]
V  [jvm.dll+0x20e17f]
V  [jvm.dll+0x205d93]
V  [jvm.dll+0x203ee2]
V  [jvm.dll+0x18b5e1]
V  [jvm.dll+0x212c6f]
V  [jvm.dll+0x211511]
V  [jvm.dll+0x762b9f]
V  [jvm.dll+0x75b755]
V  [jvm.dll+0x614df6]
C  [ucrtbase.dll+0x21bb2]
C  [KERNEL32.DLL+0x17034]
C  [ntdll.dll+0x52651]


---------------  P R O C E S S  ---------------

Threads class SMR info:
_java_thread_list=0x000001d0242e1d50, length=18, elements={
0x000001d00a9ca800, 0x000001d022f46800, 0x000001d022f4f800, 0x000001d022f9b800,
0x000001d022f9d800, 0x000001d022f9f800, 0x000001d022fa5000, 0x000001d022fa9000,
0x000001d022fb4800, 0x000001d02313e000, 0x000001d023223000, 0x000001d023598000,
0x000001d0235b5800, 0x000001d0235b6800, 0x000001d0235bd800, 0x000001d023af0800,
0x000001d024193800, 0x000001d0236ee800
}

Java Threads: ( => current thread )
  0x000001d00a9ca800 JavaThread "main" [_thread_blocked, id=11896, stack(0x0000004013100000,0x0000004013200000)]
  0x000001d022f46800 JavaThread "Reference Handler" daemon [_thread_blocked, id=12764, stack(0x0000004013800000,0x0000004013900000)]
  0x000001d022f4f800 JavaThread "Finalizer" daemon [_thread_blocked, id=12468, stack(0x0000004013900000,0x0000004013a00000)]
  0x000001d022f9b800 JavaThread "Signal Dispatcher" daemon [_thread_blocked, id=12752, stack(0x0000004013a00000,0x0000004013b00000)]
  0x000001d022f9d800 JavaThread "Attach Listener" daemon [_thread_blocked, id=11348, stack(0x0000004013b00000,0x0000004013c00000)]
  0x000001d022f9f800 JavaThread "Service Thread" daemon [_thread_blocked, id=12572, stack(0x0000004013c00000,0x0000004013d00000)]
=>0x000001d022fa5000 JavaThread "C2 CompilerThread0" daemon [_thread_in_native, id=12480, stack(0x0000004013d00000,0x0000004013e00000)]
  0x000001d022fa9000 JavaThread "C1 CompilerThread0" daemon [_thread_blocked, id=12472, stack(0x0000004013e00000,0x0000004013f00000)]
  0x000001d022fb4800 JavaThread "Sweeper thread" daemon [_thread_blocked, id=12768, stack(0x0000004013f00000,0x0000004014000000)]
  0x000001d02313e000 JavaThread "Common-Cleaner" daemon [_thread_blocked, id=12460, stack(0x0000004014100000,0x0000004014200000)]
  0x000001d023223000 JavaThread "mysql-cj-abandoned-connection-cleanup" daemon [_thread_blocked, id=11076, stack(0x0000004014300000,0x0000004014400000)]
  0x000001d023598000 JavaThread "RMI TCP Accept-51619" daemon [_thread_in_native, id=12088, stack(0x0000004014200000,0x0000004014300000)]
  0x000001d0235b5800 JavaThread "RMI TCP Accept-0" daemon [_thread_in_native, id=12824, stack(0x0000004014400000,0x0000004014500000)]
  0x000001d0235b6800 JavaThread "RMI Reaper" [_thread_blocked, id=12152, stack(0x0000004014500000,0x0000004014600000)]
  0x000001d0235bd800 JavaThread "RMI GC Daemon" daemon [_thread_blocked, id=11888, stack(0x0000004014600000,0x0000004014700000)]
  0x000001d023af0800 JavaThread "RMI TCP Connection(1)-127.0.0.1" daemon [_thread_in_native, id=8744, stack(0x0000004014900000,0x0000004014a00000)]
  0x000001d024193800 JavaThread "RMI TCP Connection(2)-127.0.0.1" daemon [_thread_in_native, id=11004, stack(0x0000004014a00000,0x0000004014b00000)]
  0x000001d0236ee800 JavaThread "RMI Scheduler(0)" daemon [_thread_blocked, id=11068, stack(0x0000004014b00000,0x0000004014c00000)]

Other Threads:
  0x000001d022f20000 VMThread "VM Thread" [stack: 0x0000004013700000,0x0000004013800000] [id=12760]
  0x000001d023130800 WatcherThread [stack: 0x0000004014000000,0x0000004014100000] [id=12772]
  0x000001d00a9e3000 GCTaskThread "GC Thread#0" [stack: 0x0000004013200000,0x0000004013300000] [id=11948]
  0x000001d023b6e800 GCTaskThread "GC Thread#1" [stack: 0x0000004014c00000,0x0000004014d00000] [id=13136]
  0x000001d023b6f000 GCTaskThread "GC Thread#2" [stack: 0x0000004014d00000,0x0000004014e00000] [id=13148]
  0x000001d02429b800 GCTaskThread "GC Thread#3" [stack: 0x0000004014e00000,0x0000004014f00000] [id=13140]
  0x000001d00a9fc800 ConcurrentGCThread "G1 Main Marker" [stack: 0x0000004013300000,0x0000004013400000] [id=12080]
  0x000001d00a9ff000 ConcurrentGCThread "G1 Conc#0" [stack: 0x0000004013400000,0x0000004013500000] [id=11320]
  0x000001d0235ec000 ConcurrentGCThread "G1 Conc#1" [stack: 0x0000004014f00000,0x0000004015000000] [id=13132]
  0x000001d00aa2e800 ConcurrentGCThread "G1 Refine#0" [stack: 0x0000004013500000,0x0000004013600000] [id=12280]
  0x000001d021f21000 ConcurrentGCThread "G1 Young RemSet Sampling" [stack: 0x0000004013600000,0x0000004013700000] [id=12748]

Threads with active compile tasks:
C2 CompilerThread03614476 2630       4       java.io.ObjectInputStream::readClassDesc (123 bytes)

VM state:not at safepoint (normal execution)

VM Mutex/Monitor currently owned by a thread: None

Heap address: 0x00000000d1200000, size: 750 MB, Compressed Oops mode: 32-bit
Narrow klass base: 0x0000000000000000, Narrow klass shift: 3
Compressed class space size: 1073741824 Address: 0x0000000100000000

Heap:
 garbage-first heap   total 131072K, used 7657K [0x00000000d1200000, 0x0000000100000000)
  region size 1024K, 2 young (2048K), 0 survivors (0K)
 Metaspace       used 22159K, capacity 22791K, committed 22960K, reserved 1069056K
  class space    used 2279K, capacity 2526K, committed 2560K, reserved 1048576K
Heap Regions: E=young(eden), S=young(survivor), O=old, HS=humongous(starts), HC=humongous(continues), CS=collection set, F=free, A=archive, TAMS=top-at-mark-start (previous, next)
|   0|0x00000000d1200000, 0x00000000d12fbbb8, 0x00000000d1300000| 98%| O|  |TAMS 0x00000000d1200000, 0x00000000d1200000| Untracked 
|   1|0x00000000d1300000, 0x00000000d13fffe8, 0x00000000d1400000| 99%| O|  |TAMS 0x00000000d1300000, 0x00000000d1300000| Untracked 
|   2|0x00000000d1400000, 0x00000000d14fffe0, 0x00000000d1500000| 99%| O|  |TAMS 0x00000000d1400000, 0x00000000d1400000| Untracked 
|   3|0x00000000d1500000, 0x00000000d15ffff8, 0x00000000d1600000| 99%| O|  |TAMS 0x00000000d1500000, 0x00000000d1500000| Untracked 
|   4|0x00000000d1600000, 0x00000000d16ffff8, 0x00000000d1700000| 99%| O|  |TAMS 0x00000000d1600000, 0x00000000d1600000| Untracked 
|   5|0x00000000d1700000, 0x00000000d175da70, 0x00000000d1800000| 36%| O|  |TAMS 0x00000000d1700000, 0x00000000d1700000| Untracked 
|   6|0x00000000d1800000, 0x00000000d18340b8, 0x00000000d1900000| 20%| O|  |TAMS 0x00000000d1800000, 0x00000000d1800000| Untracked 
|   7|0x00000000d1900000, 0x00000000d1900000, 0x00000000d1a00000|  0%| F|  |TAMS 0x00000000d1900000, 0x00000000d1900000| Untracked 
|   8|0x00000000d1a00000, 0x00000000d1a00000, 0x00000000d1b00000|  0%| F|  |TAMS 0x00000000d1a00000, 0x00000000d1a00000| Untracked 
|   9|0x00000000d1b00000, 0x00000000d1b00000, 0x00000000d1c00000|  0%| F|  |TAMS 0x00000000d1b00000, 0x00000000d1b00000| Untracked 
|  10|0x00000000d1c00000, 0x00000000d1c00000, 0x00000000d1d00000|  0%| F|  |TAMS 0x00000000d1c00000, 0x00000000d1c00000| Untracked 
|  11|0x00000000d1d00000, 0x00000000d1d00000, 0x00000000d1e00000|  0%| F|  |TAMS 0x00000000d1d00000, 0x00000000d1d00000| Untracked 
|  12|0x00000000d1e00000, 0x00000000d1e00000, 0x00000000d1f00000|  0%| F|  |TAMS 0x00000000d1e00000, 0x00000000d1e00000| Untracked 
|  13|0x00000000d1f00000, 0x00000000d1f00000, 0x00000000d2000000|  0%| F|  |TAMS 0x00000000d1f00000, 0x00000000d1f00000| Untracked 
|  14|0x00000000d2000000, 0x00000000d2000000, 0x00000000d2100000|  0%| F|  |TAMS 0x00000000d2000000, 0x00000000d2000000| Untracked 
|  15|0x00000000d2100000, 0x00000000d2100000, 0x00000000d2200000|  0%| F|  |TAMS 0x00000000d2100000, 0x00000000d2100000| Untracked 
|  16|0x00000000d2200000, 0x00000000d2200000, 0x00000000d2300000|  0%| F|  |TAMS 0x00000000d2200000, 0x00000000d2200000| Untracked 
|  17|0x00000000d2300000, 0x00000000d2300000, 0x00000000d2400000|  0%| F|  |TAMS 0x00000000d2300000, 0x00000000d2300000| Untracked 
|  18|0x00000000d2400000, 0x00000000d2400000, 0x00000000d2500000|  0%| F|  |TAMS 0x00000000d2400000, 0x00000000d2400000| Untracked 
|  19|0x00000000d2500000, 0x00000000d2500000, 0x00000000d2600000|  0%| F|  |TAMS 0x00000000d2500000, 0x00000000d2500000| Untracked 
|  20|0x00000000d2600000, 0x00000000d2600000, 0x00000000d2700000|  0%| F|  |TAMS 0x00000000d2600000, 0x00000000d2600000| Untracked 
|  21|0x00000000d2700000, 0x00000000d2700000, 0x00000000d2800000|  0%| F|  |TAMS 0x00000000d2700000, 0x00000000d2700000| Untracked 
|  22|0x00000000d2800000, 0x00000000d2800000, 0x00000000d2900000|  0%| F|  |TAMS 0x00000000d2800000, 0x00000000d2800000| Untracked 
|  23|0x00000000d2900000, 0x00000000d2900000, 0x00000000d2a00000|  0%| F|  |TAMS 0x00000000d2900000, 0x00000000d2900000| Untracked 
|  24|0x00000000d2a00000, 0x00000000d2a00000, 0x00000000d2b00000|  0%| F|  |TAMS 0x00000000d2a00000, 0x00000000d2a00000| Untracked 
|  25|0x00000000d2b00000, 0x00000000d2b00000, 0x00000000d2c00000|  0%| F|  |TAMS 0x00000000d2b00000, 0x00000000d2b00000| Untracked 
|  26|0x00000000d2c00000, 0x00000000d2c00000, 0x00000000d2d00000|  0%| F|  |TAMS 0x00000000d2c00000, 0x00000000d2c00000| Untracked 
|  27|0x00000000d2d00000, 0x00000000d2d00000, 0x00000000d2e00000|  0%| F|  |TAMS 0x00000000d2d00000, 0x00000000d2d00000| Untracked 
|  28|0x00000000d2e00000, 0x00000000d2e00000, 0x00000000d2f00000|  0%| F|  |TAMS 0x00000000d2e00000, 0x00000000d2e00000| Untracked 
|  29|0x00000000d2f00000, 0x00000000d2f00000, 0x00000000d3000000|  0%| F|  |TAMS 0x00000000d2f00000, 0x00000000d2f00000| Untracked 
|  30|0x00000000d3000000, 0x00000000d3000000, 0x00000000d3100000|  0%| F|  |TAMS 0x00000000d3000000, 0x00000000d3000000| Untracked 
|  31|0x00000000d3100000, 0x00000000d3100000, 0x00000000d3200000|  0%| F|  |TAMS 0x00000000d3100000, 0x00000000d3100000| Untracked 
|  32|0x00000000d3200000, 0x00000000d3200000, 0x00000000d3300000|  0%| F|  |TAMS 0x00000000d3200000, 0x00000000d3200000| Untracked 
|  33|0x00000000d3300000, 0x00000000d3300000, 0x00000000d3400000|  0%| F|  |TAMS 0x00000000d3300000, 0x00000000d3300000| Untracked 
|  34|0x00000000d3400000, 0x00000000d3400000, 0x00000000d3500000|  0%| F|  |TAMS 0x00000000d3400000, 0x00000000d3400000| Untracked 
|  35|0x00000000d3500000, 0x00000000d3500000, 0x00000000d3600000|  0%| F|  |TAMS 0x00000000d3500000, 0x00000000d3500000| Untracked 
|  36|0x00000000d3600000, 0x00000000d3600000, 0x00000000d3700000|  0%| F|  |TAMS 0x00000000d3600000, 0x00000000d3600000| Untracked 
|  37|0x00000000d3700000, 0x00000000d3700000, 0x00000000d3800000|  0%| F|  |TAMS 0x00000000d3700000, 0x00000000d3700000| Untracked 
|  38|0x00000000d3800000, 0x00000000d3800000, 0x00000000d3900000|  0%| F|  |TAMS 0x00000000d3800000, 0x00000000d3800000| Untracked 
|  39|0x00000000d3900000, 0x00000000d3900000, 0x00000000d3a00000|  0%| F|  |TAMS 0x00000000d3900000, 0x00000000d3900000| Untracked 
|  40|0x00000000d3a00000, 0x00000000d3aecee0, 0x00000000d3b00000| 92%| O|  |TAMS 0x00000000d3a00000, 0x00000000d3a00000| Untracked 
|  41|0x00000000d3b00000, 0x00000000d3b00000, 0x00000000d3c00000|  0%| F|  |TAMS 0x00000000d3b00000, 0x00000000d3b00000| Untracked 
|  42|0x00000000d3c00000, 0x00000000d3c00000, 0x00000000d3d00000|  0%| F|  |TAMS 0x00000000d3c00000, 0x00000000d3c00000| Untracked 
|  43|0x00000000d3d00000, 0x00000000d3d00000, 0x00000000d3e00000|  0%| F|  |TAMS 0x00000000d3d00000, 0x00000000d3d00000| Untracked 
|  44|0x00000000d3e00000, 0x00000000d3e00000, 0x00000000d3f00000|  0%| F|  |TAMS 0x00000000d3e00000, 0x00000000d3e00000| Untracked 
|  45|0x00000000d3f00000, 0x00000000d3f00000, 0x00000000d4000000|  0%| F|  |TAMS 0x00000000d3f00000, 0x00000000d3f00000| Untracked 
|  46|0x00000000d4000000, 0x00000000d4000000, 0x00000000d4100000|  0%| F|  |TAMS 0x00000000d4000000, 0x00000000d4000000| Untracked 
|  47|0x00000000d4100000, 0x00000000d4100000, 0x00000000d4200000|  0%| F|  |TAMS 0x00000000d4100000, 0x00000000d4100000| Untracked 
|  48|0x00000000d4200000, 0x00000000d4200000, 0x00000000d4300000|  0%| F|  |TAMS 0x00000000d4200000, 0x00000000d4200000| Untracked 
|  49|0x00000000d4300000, 0x00000000d4300000, 0x00000000d4400000|  0%| F|  |TAMS 0x00000000d4300000, 0x00000000d4300000| Untracked 
|  50|0x00000000d4400000, 0x00000000d4400000, 0x00000000d4500000|  0%| F|  |TAMS 0x00000000d4400000, 0x00000000d4400000| Untracked 
|  51|0x00000000d4500000, 0x00000000d4500000, 0x00000000d4600000|  0%| F|  |TAMS 0x00000000d4500000, 0x00000000d4500000| Untracked 
|  52|0x00000000d4600000, 0x00000000d4600000, 0x00000000d4700000|  0%| F|  |TAMS 0x00000000d4600000, 0x00000000d4600000| Untracked 
|  53|0x00000000d4700000, 0x00000000d4700000, 0x00000000d4800000|  0%| F|  |TAMS 0x00000000d4700000, 0x00000000d4700000| Untracked 
|  54|0x00000000d4800000, 0x00000000d4800000, 0x00000000d4900000|  0%| F|  |TAMS 0x00000000d4800000, 0x00000000d4800000| Untracked 
|  55|0x00000000d4900000, 0x00000000d4900000, 0x00000000d4a00000|  0%| F|  |TAMS 0x00000000d4900000, 0x00000000d4900000| Untracked 
|  56|0x00000000d4a00000, 0x00000000d4a00000, 0x00000000d4b00000|  0%| F|  |TAMS 0x00000000d4a00000, 0x00000000d4a00000| Untracked 
|  57|0x00000000d4b00000, 0x00000000d4b00000, 0x00000000d4c00000|  0%| F|  |TAMS 0x00000000d4b00000, 0x00000000d4b00000| Untracked 
|  58|0x00000000d4c00000, 0x00000000d4c00000, 0x00000000d4d00000|  0%| F|  |TAMS 0x00000000d4c00000, 0x00000000d4c00000| Untracked 
|  59|0x00000000d4d00000, 0x00000000d4d00000, 0x00000000d4e00000|  0%| F|  |TAMS 0x00000000d4d00000, 0x00000000d4d00000| Untracked 
|  60|0x00000000d4e00000, 0x00000000d4e00000, 0x00000000d4f00000|  0%| F|  |TAMS 0x00000000d4e00000, 0x00000000d4e00000| Untracked 
|  61|0x00000000d4f00000, 0x00000000d4f00000, 0x00000000d5000000|  0%| F|  |TAMS 0x00000000d4f00000, 0x00000000d4f00000| Untracked 
|  62|0x00000000d5000000, 0x00000000d5000000, 0x00000000d5100000|  0%| F|  |TAMS 0x00000000d5000000, 0x00000000d5000000| Untracked 
|  63|0x00000000d5100000, 0x00000000d5100000, 0x00000000d5200000|  0%| F|  |TAMS 0x00000000d5100000, 0x00000000d5100000| Untracked 
|  64|0x00000000d5200000, 0x00000000d5200000, 0x00000000d5300000|  0%| F|  |TAMS 0x00000000d5200000, 0x00000000d5200000| Untracked 
|  65|0x00000000d5300000, 0x00000000d5300000, 0x00000000d5400000|  0%| F|  |TAMS 0x00000000d5300000, 0x00000000d5300000| Untracked 
|  66|0x00000000d5400000, 0x00000000d5400000, 0x00000000d5500000|  0%| F|  |TAMS 0x00000000d5400000, 0x00000000d5400000| Untracked 
|  67|0x00000000d5500000, 0x00000000d5500000, 0x00000000d5600000|  0%| F|  |TAMS 0x00000000d5500000, 0x00000000d5500000| Untracked 
|  68|0x00000000d5600000, 0x00000000d5600000, 0x00000000d5700000|  0%| F|  |TAMS 0x00000000d5600000, 0x00000000d5600000| Untracked 
|  69|0x00000000d5700000, 0x00000000d5700000, 0x00000000d5800000|  0%| F|  |TAMS 0x00000000d5700000, 0x00000000d5700000| Untracked 
|  70|0x00000000d5800000, 0x00000000d5800000, 0x00000000d5900000|  0%| F|  |TAMS 0x00000000d5800000, 0x00000000d5800000| Untracked 
|  71|0x00000000d5900000, 0x00000000d5900000, 0x00000000d5a00000|  0%| F|  |TAMS 0x00000000d5900000, 0x00000000d5900000| Untracked 
|  72|0x00000000d5a00000, 0x00000000d5a00000, 0x00000000d5b00000|  0%| F|  |TAMS 0x00000000d5a00000, 0x00000000d5a00000| Untracked 
|  73|0x00000000d5b00000, 0x00000000d5b00000, 0x00000000d5c00000|  0%| F|  |TAMS 0x00000000d5b00000, 0x00000000d5b00000| Untracked 
|  74|0x00000000d5c00000, 0x00000000d5c00000, 0x00000000d5d00000|  0%| F|  |TAMS 0x00000000d5c00000, 0x00000000d5c00000| Untracked 
|  75|0x00000000d5d00000, 0x00000000d5d00000, 0x00000000d5e00000|  0%| F|  |TAMS 0x00000000d5d00000, 0x00000000d5d00000| Untracked 
|  76|0x00000000d5e00000, 0x00000000d5e00000, 0x00000000d5f00000|  0%| F|  |TAMS 0x00000000d5e00000, 0x00000000d5e00000| Untracked 
|  77|0x00000000d5f00000, 0x00000000d5f00000, 0x00000000d6000000|  0%| F|  |TAMS 0x00000000d5f00000, 0x00000000d5f00000| Untracked 
|  78|0x00000000d6000000, 0x00000000d6000000, 0x00000000d6100000|  0%| F|  |TAMS 0x00000000d6000000, 0x00000000d6000000| Untracked 
|  79|0x00000000d6100000, 0x00000000d6100000, 0x00000000d6200000|  0%| F|  |TAMS 0x00000000d6100000, 0x00000000d6100000| Untracked 
|  80|0x00000000d6200000, 0x00000000d6200000, 0x00000000d6300000|  0%| F|  |TAMS 0x00000000d6200000, 0x00000000d6200000| Untracked 
|  81|0x00000000d6300000, 0x00000000d6300000, 0x00000000d6400000|  0%| F|  |TAMS 0x00000000d6300000, 0x00000000d6300000| Untracked 
|  82|0x00000000d6400000, 0x00000000d6400000, 0x00000000d6500000|  0%| F|  |TAMS 0x00000000d6400000, 0x00000000d6400000| Untracked 
|  83|0x00000000d6500000, 0x00000000d6500000, 0x00000000d6600000|  0%| F|  |TAMS 0x00000000d6500000, 0x00000000d6500000| Untracked 
|  84|0x00000000d6600000, 0x00000000d6600000, 0x00000000d6700000|  0%| F|  |TAMS 0x00000000d6600000, 0x00000000d6600000| Untracked 
|  85|0x00000000d6700000, 0x00000000d6700000, 0x00000000d6800000|  0%| F|  |TAMS 0x00000000d6700000, 0x00000000d6700000| Untracked 
|  86|0x00000000d6800000, 0x00000000d6800000, 0x00000000d6900000|  0%| F|  |TAMS 0x00000000d6800000, 0x00000000d6800000| Untracked 
|  87|0x00000000d6900000, 0x00000000d6900000, 0x00000000d6a00000|  0%| F|  |TAMS 0x00000000d6900000, 0x00000000d6900000| Untracked 
|  88|0x00000000d6a00000, 0x00000000d6a00000, 0x00000000d6b00000|  0%| F|  |TAMS 0x00000000d6a00000, 0x00000000d6a00000| Untracked 
|  89|0x00000000d6b00000, 0x00000000d6b00000, 0x00000000d6c00000|  0%| F|  |TAMS 0x00000000d6b00000, 0x00000000d6b00000| Untracked 
|  90|0x00000000d6c00000, 0x00000000d6c00000, 0x00000000d6d00000|  0%| F|  |TAMS 0x00000000d6c00000, 0x00000000d6c00000| Untracked 
|  91|0x00000000d6d00000, 0x00000000d6d00000, 0x00000000d6e00000|  0%| F|  |TAMS 0x00000000d6d00000, 0x00000000d6d00000| Untracked 
|  92|0x00000000d6e00000, 0x00000000d6e00000, 0x00000000d6f00000|  0%| F|  |TAMS 0x00000000d6e00000, 0x00000000d6e00000| Untracked 
|  93|0x00000000d6f00000, 0x00000000d6f00000, 0x00000000d7000000|  0%| F|  |TAMS 0x00000000d6f00000, 0x00000000d6f00000| Untracked 
|  94|0x00000000d7000000, 0x00000000d7000000, 0x00000000d7100000|  0%| F|  |TAMS 0x00000000d7000000, 0x00000000d7000000| Untracked 
|  95|0x00000000d7100000, 0x00000000d7100000, 0x00000000d7200000|  0%| F|  |TAMS 0x00000000d7100000, 0x00000000d7100000| Untracked 
|  96|0x00000000d7200000, 0x00000000d7200000, 0x00000000d7300000|  0%| F|  |TAMS 0x00000000d7200000, 0x00000000d7200000| Untracked 
|  97|0x00000000d7300000, 0x00000000d7300000, 0x00000000d7400000|  0%| F|  |TAMS 0x00000000d7300000, 0x00000000d7300000| Untracked 
|  98|0x00000000d7400000, 0x00000000d7400000, 0x00000000d7500000|  0%| F|  |TAMS 0x00000000d7400000, 0x00000000d7400000| Untracked 
|  99|0x00000000d7500000, 0x00000000d7500000, 0x00000000d7600000|  0%| F|  |TAMS 0x00000000d7500000, 0x00000000d7500000| Untracked 
| 100|0x00000000d7600000, 0x00000000d7600000, 0x00000000d7700000|  0%| F|  |TAMS 0x00000000d7600000, 0x00000000d7600000| Untracked 
| 101|0x00000000d7700000, 0x00000000d7700000, 0x00000000d7800000|  0%| F|  |TAMS 0x00000000d7700000, 0x00000000d7700000| Untracked 
| 102|0x00000000d7800000, 0x00000000d7800000, 0x00000000d7900000|  0%| F|  |TAMS 0x00000000d7800000, 0x00000000d7800000| Untracked 
| 103|0x00000000d7900000, 0x00000000d7900000, 0x00000000d7a00000|  0%| F|  |TAMS 0x00000000d7900000, 0x00000000d7900000| Untracked 
| 104|0x00000000d7a00000, 0x00000000d7a00000, 0x00000000d7b00000|  0%| F|  |TAMS 0x00000000d7a00000, 0x00000000d7a00000| Untracked 
| 105|0x00000000d7b00000, 0x00000000d7b00000, 0x00000000d7c00000|  0%| F|  |TAMS 0x00000000d7b00000, 0x00000000d7b00000| Untracked 
| 106|0x00000000d7c00000, 0x00000000d7c00000, 0x00000000d7d00000|  0%| F|  |TAMS 0x00000000d7c00000, 0x00000000d7c00000| Untracked 
| 107|0x00000000d7d00000, 0x00000000d7d00000, 0x00000000d7e00000|  0%| F|  |TAMS 0x00000000d7d00000, 0x00000000d7d00000| Untracked 
| 108|0x00000000d7e00000, 0x00000000d7e00000, 0x00000000d7f00000|  0%| F|  |TAMS 0x00000000d7e00000, 0x00000000d7e00000| Untracked 
| 109|0x00000000d7f00000, 0x00000000d7f00000, 0x00000000d8000000|  0%| F|  |TAMS 0x00000000d7f00000, 0x00000000d7f00000| Untracked 
| 110|0x00000000d8000000, 0x00000000d8000000, 0x00000000d8100000|  0%| F|  |TAMS 0x00000000d8000000, 0x00000000d8000000| Untracked 
| 111|0x00000000d8100000, 0x00000000d8100000, 0x00000000d8200000|  0%| F|  |TAMS 0x00000000d8100000, 0x00000000d8100000| Untracked 
| 112|0x00000000d8200000, 0x00000000d8200000, 0x00000000d8300000|  0%| F|  |TAMS 0x00000000d8200000, 0x00000000d8200000| Untracked 
| 113|0x00000000d8300000, 0x00000000d8300000, 0x00000000d8400000|  0%| F|  |TAMS 0x00000000d8300000, 0x00000000d8300000| Untracked 
| 114|0x00000000d8400000, 0x00000000d8400000, 0x00000000d8500000|  0%| F|  |TAMS 0x00000000d8400000, 0x00000000d8400000| Untracked 
| 115|0x00000000d8500000, 0x00000000d8500000, 0x00000000d8600000|  0%| F|  |TAMS 0x00000000d8500000, 0x00000000d8500000| Untracked 
| 116|0x00000000d8600000, 0x00000000d8600000, 0x00000000d8700000|  0%| F|  |TAMS 0x00000000d8600000, 0x00000000d8600000| Untracked 
| 117|0x00000000d8700000, 0x00000000d8700000, 0x00000000d8800000|  0%| F|  |TAMS 0x00000000d8700000, 0x00000000d8700000| Untracked 
| 118|0x00000000d8800000, 0x00000000d8800000, 0x00000000d8900000|  0%| F|  |TAMS 0x00000000d8800000, 0x00000000d8800000| Untracked 
| 119|0x00000000d8900000, 0x00000000d8900000, 0x00000000d8a00000|  0%| F|  |TAMS 0x00000000d8900000, 0x00000000d8900000| Untracked 
| 120|0x00000000d8a00000, 0x00000000d8a00000, 0x00000000d8b00000|  0%| F|  |TAMS 0x00000000d8a00000, 0x00000000d8a00000| Untracked 
| 121|0x00000000d8b00000, 0x00000000d8b00000, 0x00000000d8c00000|  0%| F|  |TAMS 0x00000000d8b00000, 0x00000000d8b00000| Untracked 
| 122|0x00000000d8c00000, 0x00000000d8c00000, 0x00000000d8d00000|  0%| F|  |TAMS 0x00000000d8c00000, 0x00000000d8c00000| Untracked 
| 123|0x00000000d8d00000, 0x00000000d8d00000, 0x00000000d8e00000|  0%| F|  |TAMS 0x00000000d8d00000, 0x00000000d8d00000| Untracked 
| 124|0x00000000d8e00000, 0x00000000d8e00000, 0x00000000d8f00000|  0%| F|  |TAMS 0x00000000d8e00000, 0x00000000d8e00000| Untracked 
| 125|0x00000000d8f00000, 0x00000000d8f00000, 0x00000000d9000000|  0%| F|  |TAMS 0x00000000d8f00000, 0x00000000d8f00000| Untracked 
| 126|0x00000000d9000000, 0x00000000d908ebc0, 0x00000000d9100000| 55%| E|  |TAMS 0x00000000d9000000, 0x00000000d9000000| Complete 
| 127|0x00000000d9100000, 0x00000000d9200000, 0x00000000d9200000|100%| E|CS|TAMS 0x00000000d9100000, 0x00000000d9100000| Complete 

Card table byte_map: [0x000001d01e1b0000,0x000001d01e330000] _byte_map_base: 0x000001d01db27000

Marking Bits (Prev, Next): (CMBitMap*) 0x000001d00a9f8ce0, (CMBitMap*) 0x000001d00a9f8ca8
 Prev Bits: [0x000001d01f070000, 0x000001d01fc28000)
 Next Bits: [0x000001d01e4b0000, 0x000001d01f068000)

Polling page: 0x000001d008df0000

Metaspace:

Usage:
  Non-class:     19.79 MB capacity,    19.41 MB ( 98%) used,   316.16 KB (  2%) free+waste,    68.25 KB ( <1%) overhead. 
      Class:      2.47 MB capacity,     2.23 MB ( 90%) used,   214.42 KB (  8%) free+waste,    32.44 KB (  1%) overhead. 
       Both:     22.26 MB capacity,    21.64 MB ( 97%) used,   530.59 KB (  2%) free+waste,   100.69 KB ( <1%) overhead. 

Virtual space:
  Non-class space:       20.00 MB reserved,      19.92 MB (>99%) committed 
      Class space:        1.00 GB reserved,       2.50 MB ( <1%) committed 
             Both:        1.02 GB reserved,      22.42 MB (  2%) committed 

Chunk freelists:
   Non-Class:  23.00 KB
       Class:  2.00 KB
        Both:  25.00 KB

MaxMetaspaceSize: 17179869184.00 GB
CompressedClassSpaceSize: 1.00 GB
Initial GC threshold: 20.80 MB
Current GC threshold: 37.37 MB
CDS: off

CodeHeap 'non-profiled nmethods': size=120000Kb used=1305Kb max_used=1305Kb free=118694Kb
 bounds [0x000001d016090000, 0x000001d016300000, 0x000001d01d5c0000]
CodeHeap 'profiled nmethods': size=120000Kb used=5610Kb max_used=5610Kb free=114389Kb
 bounds [0x000001d00eb60000, 0x000001d00f0e0000, 0x000001d016090000]
CodeHeap 'non-nmethods': size=5760Kb used=1237Kb max_used=1309Kb free=4523Kb
 bounds [0x000001d00e5c0000, 0x000001d00e830000, 0x000001d00eb60000]
 total_blobs=3146 nmethods=2628 adapters=430
 compilation: enabled
              stopped_count=0, restarted_count=0
 full_count=0

Compilation events (20 events):
Event: 3173.112 Thread 0x000001d022fa5000 nmethod 2619 0x000001d0161c1d90 code [0x000001d0161c2060, 0x000001d0161c4810]
Event: 3308.212 Thread 0x000001d022fa5000 2620       4       java.util.HashMap::afterNodeRemoval (1 bytes)
Event: 3308.213 Thread 0x000001d022fa5000 nmethod 2620 0x000001d0161c5a10 code [0x000001d0161c5ba0, 0x000001d0161c5bf8]
Event: 3335.245 Thread 0x000001d022fa5000 2621       4       java.io.ObjectInputStream::readNull (27 bytes)
Event: 3335.251 Thread 0x000001d022fa5000 nmethod 2621 0x000001d0161c5d10 code [0x000001d0161c5ee0, 0x000001d0161c64f8]
Event: 3344.249 Thread 0x000001d022fa9000 2622       3       java.util.concurrent.FutureTask::finishCompletion (71 bytes)
Event: 3344.249 Thread 0x000001d022fa5000 2624       4       sun.rmi.transport.tcp.TCPConnection::getOutputStream (30 bytes)
Event: 3345.217 Thread 0x000001d022fa9000 nmethod 2622 0x000001d00f0d9510 code [0x000001d00f0d9720, 0x000001d00f0d9e38]
Event: 3345.217 Thread 0x000001d022fa5000 nmethod 2624 0x000001d0161c6810 code [0x000001d0161c69a0, 0x000001d0161c6a18]
Event: 3380.280 Thread 0x000001d022fa5000 2625       4       java.io.DataOutputStream::<init> (19 bytes)
Event: 3380.284 Thread 0x000001d022fa5000 nmethod 2625 0x000001d0161c6b10 code [0x000001d0161c6cc0, 0x000001d0161c70b8]
Event: 3443.328 Thread 0x000001d022fa5000 2626       4       java.io.ObjectInputStream$HandleTable::markDependency (175 bytes)
Event: 3443.330 Thread 0x000001d022fa5000 nmethod 2626 0x000001d0161c7210 code [0x000001d0161c73a0, 0x000001d0161c74d8]
Event: 3452.334 Thread 0x000001d022fa9000 2627   !   3       sun.rmi.registry.RegistryImpl::lookup (43 bytes)
Event: 3452.335 Thread 0x000001d022fa9000 nmethod 2627 0x000001d00f0da010 code [0x000001d00f0da200, 0x000001d00f0da778]
Event: 3479.361 Thread 0x000001d022fa5000 2628       4       java.io.ObjectOutputStream::writeLong (9 bytes)
Event: 3479.363 Thread 0x000001d022fa5000 nmethod 2628 0x000001d0161c7610 code [0x000001d0161c77a0, 0x000001d0161c7938]
Event: 3515.385 Thread 0x000001d022fa5000 2629       4       java.io.ObjectOutputStream::writeClassDesc (60 bytes)
Event: 3516.019 Thread 0x000001d022fa5000 nmethod 2629 0x000001d0161c7a90 code [0x000001d0161c8260, 0x000001d0161d0900]
Event: 3605.755 Thread 0x000001d022fa5000 2630       4       java.io.ObjectInputStream::readClassDesc (123 bytes)

GC Heap History (6 events):
Event: 1.927 GC heap before
{Heap before GC invocations=0 (full 0):
 garbage-first heap   total 131072K, used 23552K [0x00000000d1200000, 0x0000000100000000)
  region size 1024K, 24 young (24576K), 0 survivors (0K)
 Metaspace       used 15839K, capacity 16395K, committed 16512K, reserved 1064960K
  class space    used 1666K, capacity 1913K, committed 1920K, reserved 1048576K
}
Event: 1.937 GC heap after
{Heap after GC invocations=1 (full 0):
 garbage-first heap   total 131072K, used 5395K [0x00000000d1200000, 0x0000000100000000)
  region size 1024K, 3 young (3072K), 3 survivors (3072K)
 Metaspace       used 15839K, capacity 16395K, committed 16512K, reserved 1064960K
  class space    used 1666K, capacity 1913K, committed 1920K, reserved 1048576K
}
Event: 2.327 GC heap before
{Heap before GC invocations=1 (full 0):
 garbage-first heap   total 131072K, used 12563K [0x00000000d1200000, 0x0000000100000000)
  region size 1024K, 11 young (11264K), 3 survivors (3072K)
 Metaspace       used 20604K, capacity 21190K, committed 21296K, reserved 1069056K
  class space    used 2173K, capacity 2417K, committed 2432K, reserved 1048576K
}
Event: 2.335 GC heap after
{Heap after GC invocations=2 (full 0):
 garbage-first heap   total 131072K, used 6627K [0x00000000d1200000, 0x0000000100000000)
  region size 1024K, 2 young (2048K), 2 survivors (2048K)
 Metaspace       used 20604K, capacity 21190K, committed 21296K, reserved 1069056K
  class space    used 2173K, capacity 2417K, committed 2432K, reserved 1048576K
}
Event: 3602.337 GC heap before
{Heap before GC invocations=3 (full 0):
 garbage-first heap   total 131072K, used 40419K [0x00000000d1200000, 0x0000000100000000)
  region size 1024K, 36 young (36864K), 2 survivors (2048K)
 Metaspace       used 22162K, capacity 22797K, committed 22960K, reserved 1069056K
  class space    used 2280K, capacity 2528K, committed 2560K, reserved 1048576K
}
Event: 3602.409 GC heap after
{Heap after GC invocations=4 (full 1):
 garbage-first heap   total 131072K, used 6633K [0x00000000d1200000, 0x0000000100000000)
  region size 1024K, 0 young (0K), 0 survivors (0K)
 Metaspace       used 22159K, capacity 22791K, committed 22960K, reserved 1069056K
  class space    used 2279K, capacity 2526K, committed 2560K, reserved 1048576K
}

Deoptimization events (20 events):
Event: 2.753 Thread 0x000001d024308800 DEOPT PACKING pc=0x000001d0161150b0 sp=0x00000040148fe3f0
Event: 2.753 Thread 0x000001d024308800 DEOPT UNPACKING pc=0x000001d00e60a1af sp=0x00000040148fe390 mode 2
Event: 3.057 Thread 0x000001d024193800 DEOPT PACKING pc=0x000001d00ee09a60 sp=0x0000004014afa180
Event: 3.057 Thread 0x000001d024193800 DEOPT UNPACKING pc=0x000001d00e60a95e sp=0x0000004014af9618 mode 0
Event: 3.190 Thread 0x000001d024193800 DEOPT PACKING pc=0x000001d00ebe567a sp=0x0000004014afab10
Event: 3.190 Thread 0x000001d024193800 DEOPT UNPACKING pc=0x000001d00e60a95e sp=0x0000004014af9f48 mode 0
Event: 3.323 Thread 0x000001d024193800 DEOPT PACKING pc=0x000001d00ee88557 sp=0x0000004014afa920
Event: 3.323 Thread 0x000001d024193800 DEOPT UNPACKING pc=0x000001d00e60a95e sp=0x0000004014af9d78 mode 0
Event: 3.394 Thread 0x000001d024193800 Uncommon trap: trap_request=0xffffff4d fr.pc=0x000001d016168b48 relative=0x0000000000000988
Event: 3.394 Thread 0x000001d024193800 Uncommon trap: reason=unstable_if action=reinterpret pc=0x000001d016168b48 method=java.io.ObjectInputStream$BlockDataInputStream.readUTFSpan(Ljava/lang/StringBuilder;J)J @ 35 c2
Event: 3.394 Thread 0x000001d024193800 DEOPT PACKING pc=0x000001d016168b48 sp=0x0000004014afb670
Event: 3.394 Thread 0x000001d024193800 DEOPT UNPACKING pc=0x000001d00e60a1af sp=0x0000004014afb610 mode 2
Event: 3.397 Thread 0x000001d024193800 DEOPT PACKING pc=0x000001d00ee09a60 sp=0x0000004014afb300
Event: 3.397 Thread 0x000001d024193800 DEOPT UNPACKING pc=0x000001d00e60a95e sp=0x0000004014afa788 mode 0
Event: 5.229 Thread 0x000001d023223000 Uncommon trap: trap_request=0xffffff4d fr.pc=0x000001d0160ffc30 relative=0x00000000000008d0
Event: 5.229 Thread 0x000001d023223000 Uncommon trap: reason=unstable_if action=reinterpret pc=0x000001d0160ffc30 method=java.util.zip.ZipFile$Source.getEntryPos([BZ)I @ 145 c2
Event: 5.229 Thread 0x000001d023223000 DEOPT PACKING pc=0x000001d0160ffc30 sp=0x00000040143feca0
Event: 5.229 Thread 0x000001d023223000 DEOPT UNPACKING pc=0x000001d00e60a1af sp=0x00000040143fec48 mode 2
Event: 758.296 Thread 0x000001d024193800 DEOPT PACKING pc=0x000001d00ef49b32 sp=0x0000004014afb880
Event: 758.296 Thread 0x000001d024193800 DEOPT UNPACKING pc=0x000001d00e60a95e sp=0x0000004014afac98 mode 0

Classes redefined (0 events):
No events

Internal exceptions (20 events):
Event: 1.346 Thread 0x000001d00a9ca800 Exception <a 'java/lang/NoSuchMethodError'{0x00000000d8721280}: 'java.lang.Object java.lang.invoke.Invokers$Holder.linkToTargetMethod(java.lang.Object, long, java.lang.Object)'> (0x00000000d8721280) thrown at [src/hotspot/share/interpreter/linkResolver.cpp, line 773]
Event: 1.363 Thread 0x000001d023af0800 Exception <a 'java/lang/NoSuchMethodError'{0x00000000d87ce1f8}: 'java.lang.Object java.lang.invoke.DelegatingMethodHandle$Holder.reinvoke_L(java.lang.Object, int, java.lang.Object)'> (0x00000000d87ce1f8) thrown at [src/hotspot/share/interpreter/linkResolver.cpp, line 773]
Event: 1.441 Thread 0x000001d024193800 Exception <a 'java/lang/NoSuchMethodError'{0x00000000d86a24e0}: <clinit>> (0x00000000d86a24e0) thrown at [src/hotspot/share/prims/jni.cpp, line 1366]
Event: 1.565 Thread 0x000001d024193800 Exception <a 'java/lang/NoSuchMethodError'{0x00000000d84d6040}: 'int java.lang.invoke.DirectMethodHandle$Holder.invokeSpecialIFC(java.lang.Object, java.lang.Object, int)'> (0x00000000d84d6040) thrown at [src/hotspot/share/interpreter/linkResolver.cpp, line 773]
Event: 1.625 Thread 0x000001d024193800 Exception <a 'java/lang/NoSuchMethodError'{0x00000000d83d24b8}: 'java.lang.Object java.lang.invoke.DirectMethodHandle$Holder.invokeVirtual(java.lang.Object, java.lang.Object, java.lang.Object)'> (0x00000000d83d24b8) thrown at [src/hotspot/share/interpreter/linkResolver.cpp, line 773]
Event: 1.752 Thread 0x000001d024193800 Exception <a 'java/lang/NoSuchMethodError'{0x00000000d7e372e0}: 'void java.lang.invoke.DirectMethodHandle$Holder.invokeStaticInit(java.lang.Object, java.lang.Object)'> (0x00000000d7e372e0) thrown at [src/hotspot/share/interpreter/linkResolver.cpp, line 773]
Event: 1.870 Thread 0x000001d024193800 Exception <a 'sun/nio/fs/WindowsException'{0x00000000d7bc8e08}> (0x00000000d7bc8e08) thrown at [src/hotspot/share/prims/jni.cpp, line 616]
Event: 1.887 Thread 0x000001d024193800 Exception <a 'java/lang/NoSuchMethodError'{0x00000000d7be9f78}: 'int java.lang.invoke.DirectMethodHandle$Holder.invokeStaticInit(java.lang.Object, java.lang.Object, java.lang.Object, java.lang.Object)'> (0x00000000d7be9f78) thrown at [src/hotspot/share/interpreter/linkResolver.cpp, line 773]
Event: 1.889 Thread 0x000001d024193800 Exception <a 'java/lang/IncompatibleClassChangeError'{0x00000000d7bf31a8}: Found class java.lang.Object, but interface was expected> (0x00000000d7bf31a8) thrown at [src/hotspot/share/interpreter/linkResolver.cpp, line 839]
Event: 1.890 Thread 0x000001d024193800 Exception <a 'java/lang/NoSuchMethodError'{0x00000000d7bf89e8}: 'int java.lang.invoke.DirectMethodHandle$Holder.invokeStaticInit(java.lang.Object, java.lang.Object)'> (0x00000000d7bf89e8) thrown at [src/hotspot/share/interpreter/linkResolver.cpp, line 773]
Event: 2.352 Thread 0x000001d024193800 Implicit null exception at 0x000001d0160e3b77 to 0x000001d0160e40e8
Event: 2.353 Thread 0x000001d024193800 Implicit null exception at 0x000001d0160cb874 to 0x000001d0160cbdb8
Event: 2.573 Thread 0x000001d024193800 Exception <a 'java/lang/NoSuchMethodError'{0x00000000d8e0c228}: <clinit>> (0x00000000d8e0c228) thrown at [src/hotspot/share/prims/jni.cpp, line 1366]
Event: 2.574 Thread 0x000001d024193800 Exception <a 'java/lang/NoSuchMethodError'{0x00000000d8e18c80}: <clinit>> (0x00000000d8e18c80) thrown at [src/hotspot/share/prims/jni.cpp, line 1366]
Event: 2.668 Thread 0x000001d024193800 Exception <a 'java/lang/NoSuchMethodError'{0x00000000d8d32978}: <clinit>> (0x00000000d8d32978) thrown at [src/hotspot/share/prims/jni.cpp, line 1366]
Event: 2.670 Thread 0x000001d024193800 Exception <a 'java/lang/NoSuchMethodError'{0x00000000d8d3daa8}: <clinit>> (0x00000000d8d3daa8) thrown at [src/hotspot/share/prims/jni.cpp, line 1366]
Event: 2.671 Thread 0x000001d024193800 Exception <a 'java/lang/NoSuchMethodError'{0x00000000d8d488f0}: <clinit>> (0x00000000d8d488f0) thrown at [src/hotspot/share/prims/jni.cpp, line 1366]
Event: 2.715 Thread 0x000001d024193800 Exception <a 'java/lang/NoSuchMethodError'{0x00000000d8db5470}: <clinit>> (0x00000000d8db5470) thrown at [src/hotspot/share/prims/jni.cpp, line 1366]
Event: 2.940 Thread 0x000001d024193800 Exception <a 'java/lang/NoSuchMethodError'{0x00000000d851b1b0}: <clinit>> (0x00000000d851b1b0) thrown at [src/hotspot/share/prims/jni.cpp, line 1366]
Event: 4.797 Thread 0x000001d024193800 Exception <a 'java/net/SocketException'{0x00000000d7fc9328}: Software caused connection abort: socket write error> (0x00000000d7fc9328) thrown at [src/hotspot/share/prims/jni.cpp, line 637]

Events (20 events):
Event: 4.260 Thread 0x000001d0243a5000 Thread exited: 0x000001d0243a5000
Event: 4.260 Thread 0x000001d0243a6000 Thread added: 0x000001d0243a6000
Event: 4.260 Thread 0x000001d0243ae000 Thread exited: 0x000001d0243ae000
Event: 4.260 Thread 0x000001d0243a6000 Thread exited: 0x000001d0243a6000
Event: 4.796 loading class sun/security/ssl/Alert
Event: 4.796 loading class sun/security/ssl/Alert done
Event: 4.796 loading class sun/security/ssl/Alert$AlertConsumer
Event: 4.796 loading class sun/security/ssl/Alert$AlertConsumer done
Event: 4.796 loading class sun/security/ssl/Alert$Level
Event: 4.796 loading class sun/security/ssl/Alert$Level done
Event: 4.798 loading class javax/crypto/AEADBadTagException
Event: 4.798 loading class javax/crypto/AEADBadTagException done
Event: 14.491 Thread 0x000001d0243a6800 Thread added: 0x000001d0243a6800
Event: 14.491 Thread 0x000001d0243a6800 Thread exited: 0x000001d0243a6800
Event: 31.460 loading class sun/net/ResourceManager
Event: 31.460 loading class sun/net/ResourceManager done
Event: 85.312 Loaded shared library C:\Program Files\JetBrains\IntelliJ IDEA 2022.1\jbr\bin\java.dll
Event: 91.474 Thread 0x000001d02454e800 Thread exited: 0x000001d02454e800
Event: 3602.337 Executing VM operation: G1CollectFull
Event: 3602.410 Executing VM operation: G1CollectFull done


Dynamic libraries:
0x00007ff653370000 - 0x00007ff65337a000 	C:\Program Files\JetBrains\IntelliJ IDEA 2022.1\jbr\bin\java.exe
0x00007ffb17b50000 - 0x00007ffb17d45000 	C:\Windows\SYSTEM32\ntdll.dll
0x00007ffb16740000 - 0x00007ffb167fd000 	C:\Windows\System32\KERNEL32.DLL
0x00007ffb15280000 - 0x00007ffb15549000 	C:\Windows\System32\KERNELBASE.dll
0x00007ffb15a80000 - 0x00007ffb15b80000 	C:\Windows\System32\ucrtbase.dll
0x00007ffafd3f0000 - 0x00007ffafd409000 	C:\Program Files\JetBrains\IntelliJ IDEA 2022.1\jbr\bin\jli.dll
0x00007ffb023f0000 - 0x00007ffb02406000 	C:\Program Files\JetBrains\IntelliJ IDEA 2022.1\jbr\bin\VCRUNTIME140.dll
0x00007ffb16800000 - 0x00007ffb169a0000 	C:\Windows\System32\USER32.dll
0x00007ffb15b80000 - 0x00007ffb15ba2000 	C:\Windows\System32\win32u.dll
0x00007ffb15bb0000 - 0x00007ffb15bda000 	C:\Windows\System32\GDI32.dll
0x00007ffb15550000 - 0x00007ffb1565b000 	C:\Windows\System32\gdi32full.dll
0x00007ffb046d0000 - 0x00007ffb0496a000 	C:\Windows\WinSxS\amd64_microsoft.windows.common-controls_6595b64144ccf1df_6.0.19041.1110_none_60b5254171f9507e\COMCTL32.dll
0x00007ffb15760000 - 0x00007ffb157fd000 	C:\Windows\System32\msvcp_win.dll
0x00007ffb164c0000 - 0x00007ffb1655e000 	C:\Windows\System32\msvcrt.dll
0x00007ffb16a50000 - 0x00007ffb16a80000 	C:\Windows\System32\IMM32.DLL
0x00007ffb144a0000 - 0x00007ffb144d6000 	C:\Windows\system32\DriverStore\FileRepository\nvltwi.inf_amd64_f06643783fa5b0fd\nvinitx.dll
0x00007ffb16a90000 - 0x00007ffb16b3c000 	C:\Windows\System32\ADVAPI32.dll
0x00007ffb17100000 - 0x00007ffb1719b000 	C:\Windows\System32\sechost.dll
0x00007ffb15be0000 - 0x00007ffb15d0a000 	C:\Windows\System32\RPCRT4.dll
0x00007ffb14d20000 - 0x00007ffb14d2a000 	C:\Windows\SYSTEM32\VERSION.dll
0x00007ffb173d0000 - 0x00007ffb17b0f000 	C:\Windows\System32\Shell32.dll
0x00007ffb132a0000 - 0x00007ffb13a30000 	C:\Windows\SYSTEM32\windows.storage.dll
0x00007ffb16d30000 - 0x00007ffb17085000 	C:\Windows\System32\combase.dll
0x00007ffb14b90000 - 0x00007ffb14bbc000 	C:\Windows\SYSTEM32\Wldp.dll
0x00007ffb169a0000 - 0x00007ffb16a4e000 	C:\Windows\System32\SHCORE.dll
0x00007ffb16670000 - 0x00007ffb166c5000 	C:\Windows\System32\shlwapi.dll
0x000000006db60000 - 0x000000006db67000 	C:\Program Files\NVIDIA Corporation\CoProcManager\_etoured.dll
0x00007ffb0ceb0000 - 0x00007ffb0cef3000 	C:\Program Files\NVIDIA Corporation\CoProcManager\nvd3d9wrapx.dll
0x00007ffb15d10000 - 0x00007ffb16182000 	C:\Windows\System32\SETUPAPI.dll
0x00007ffb15710000 - 0x00007ffb1575e000 	C:\Windows\System32\cfgmgr32.dll
0x00007ffb15890000 - 0x00007ffb158b7000 	C:\Windows\System32\bcrypt.dll
0x00007ffb0ce40000 - 0x00007ffb0ce6d000 	C:\Program Files\NVIDIA Corporation\CoProcManager\nvdxgiwrapx.dll
0x000000006ca80000 - 0x000000006ca8c000 	C:\Program Files (x86)\360\Total Security\safemon\SafeWrapper.dll
0x00007ffaedd70000 - 0x00007ffaede02000 	C:\Program Files (x86)\360\Total Security\safemon\libzdtp64.dll
0x00007ffaebbe0000 - 0x00007ffaebc8a000 	C:\Program Files\JetBrains\IntelliJ IDEA 2022.1\jbr\bin\msvcp140.dll
0x00007ffaee220000 - 0x00007ffaeed9a000 	C:\Program Files\JetBrains\IntelliJ IDEA 2022.1\jbr\bin\server\jvm.dll
0x00007ffb17200000 - 0x00007ffb17208000 	C:\Windows\System32\PSAPI.DLL
0x00007ffb0b000000 - 0x00007ffb0b027000 	C:\Windows\SYSTEM32\WINMM.dll
0x00007ffb104d0000 - 0x00007ffb104d9000 	C:\Windows\SYSTEM32\WSOCK32.dll
0x00007ffb166d0000 - 0x00007ffb1673b000 	C:\Windows\System32\WS2_32.dll
0x00007ffb130a0000 - 0x00007ffb130b2000 	C:\Windows\SYSTEM32\kernel.appcore.dll
0x00007ffb01e30000 - 0x00007ffb01e41000 	C:\Program Files\JetBrains\IntelliJ IDEA 2022.1\jbr\bin\verify.dll
0x00007ffb02ae0000 - 0x00007ffb02cc4000 	C:\Windows\SYSTEM32\DBGHELP.DLL
0x00007ffb029b0000 - 0x00007ffb029dc000 	C:\Windows\SYSTEM32\dbgcore.DLL
0x00007ffb15800000 - 0x00007ffb15883000 	C:\Windows\System32\bcryptPrimitives.dll
0x00007ffafeb50000 - 0x00007ffafeb79000 	C:\Program Files\JetBrains\IntelliJ IDEA 2022.1\jbr\bin\java.dll
0x00007ffb02d20000 - 0x00007ffb02d2b000 	C:\Program Files\JetBrains\IntelliJ IDEA 2022.1\jbr\bin\jimage.dll
0x00007ffafafb0000 - 0x00007ffafafc9000 	C:\Program Files\JetBrains\IntelliJ IDEA 2022.1\jbr\bin\zip.dll
0x00007ffb151c0000 - 0x00007ffb151df000 	C:\Windows\SYSTEM32\profapi.dll
0x00007ffaf2730000 - 0x00007ffaf274a000 	C:\Program Files\JetBrains\IntelliJ IDEA 2022.1\jbr\bin\net.dll
0x00007ffb0ab10000 - 0x00007ffb0ac18000 	C:\Windows\SYSTEM32\WINHTTP.dll
0x00007ffb14970000 - 0x00007ffb149da000 	C:\Windows\system32\mswsock.dll
0x00007ffaf2140000 - 0x00007ffaf2154000 	C:\Program Files\JetBrains\IntelliJ IDEA 2022.1\jbr\bin\nio.dll
0x00007ffb14ee0000 - 0x00007ffb14ef8000 	C:\Windows\SYSTEM32\CRYPTSP.dll
0x00007ffb14260000 - 0x00007ffb14294000 	C:\Windows\system32\rsaenh.dll
0x00007ffb15140000 - 0x00007ffb1516e000 	C:\Windows\SYSTEM32\USERENV.dll
0x00007ffb14b00000 - 0x00007ffb14b0c000 	C:\Windows\SYSTEM32\CRYPTBASE.dll
0x00007ffb14630000 - 0x00007ffb1466b000 	C:\Windows\SYSTEM32\IPHLPAPI.DLL
0x00007ffb170f0000 - 0x00007ffb170f8000 	C:\Windows\System32\NSI.dll
0x00007ffb0ce90000 - 0x00007ffb0cea7000 	C:\Windows\SYSTEM32\dhcpcsvc6.DLL
0x00007ffb0ce70000 - 0x00007ffb0ce8d000 	C:\Windows\SYSTEM32\dhcpcsvc.DLL
0x00007ffb14680000 - 0x00007ffb1474c000 	C:\Windows\SYSTEM32\DNSAPI.dll
0x00007ffaf27c0000 - 0x00007ffaf27c8000 	C:\Program Files\JetBrains\IntelliJ IDEA 2022.1\jbr\bin\rmi.dll
0x00007ffb0ce30000 - 0x00007ffb0ce3a000 	C:\Windows\System32\rasadhlp.dll
0x00007ffb0aa90000 - 0x00007ffb0ab0f000 	C:\Windows\System32\fwpuclnt.dll
0x00007ffaf1460000 - 0x00007ffaf1488000 	C:\Program Files\JetBrains\IntelliJ IDEA 2022.1\jbr\bin\sunec.dll
0x00007ffb01e20000 - 0x00007ffb01e2f000 	C:\Program Files\JetBrains\IntelliJ IDEA 2022.1\jbr\bin\sunmscapi.dll
0x00007ffb158c0000 - 0x00007ffb15a1f000 	C:\Windows\System32\CRYPT32.dll
0x00007ffb14c00000 - 0x00007ffb14c27000 	C:\Windows\SYSTEM32\ncrypt.dll
0x00007ffb14bc0000 - 0x00007ffb14bfb000 	C:\Windows\SYSTEM32\NTASN1.dll

dbghelp: loaded successfully - version: 4.0.5 - missing functions: none
symbol engine: initialized successfully - sym options: 0x614 - pdb path: .;C:\Program Files\JetBrains\IntelliJ IDEA 2022.1\jbr\bin;C:\Windows\SYSTEM32;C:\Windows\WinSxS\amd64_microsoft.windows.common-controls_6595b64144ccf1df_6.0.19041.1110_none_60b5254171f9507e;C:\Windows\system32\DriverStore\FileRepository\nvltwi.inf_amd64_f06643783fa5b0fd;C:\Program Files\NVIDIA Corporation\CoProcManager;C:\Program Files (x86)\360\Total Security\safemon;C:\Program Files\JetBrains\IntelliJ IDEA 2022.1\jbr\bin\server

VM Arguments:
jvm_args: -Djava.rmi.server.hostname=127.0.0.1 -Duser.timezone=UTC -Xmx750m -Xms128m -Dfile.encoding=UTF-8 
java_command: com.intellij.database.remote.RemoteJdbcServer com.mysql.cj.jdbc.Driver
java_class_path (initial): C:\Program Files\JetBrains\IntelliJ IDEA 2022.1\lib\util_rt.jar;C:\Program Files\JetBrains\IntelliJ IDEA 2022.1\lib\util.jar;C:\Program Files\JetBrains\IntelliJ IDEA 2022.1\lib\groovy.jar;C:\Program Files\JetBrains\IntelliJ IDEA 2022.1\plugins\DatabaseTools\lib\jdbc-console.jar;C:\Users\MACJAYZ\AppData\Roaming\JetBrains\IntelliJIdea2022.1\jdbc-drivers\MySQL ConnectorJ\8.0.25\mysql-connector-java-8.0.25.jar
Launcher Type: SUN_STANDARD

[Global flags]
     intx CICompilerCount                          = 4                                         {product} {ergonomic}
     uint ConcGCThreads                            = 2                                         {product} {ergonomic}
     uint G1ConcRefinementThreads                  = 8                                         {product} {ergonomic}
   size_t G1HeapRegionSize                         = 1048576                                   {product} {ergonomic}
    uintx GCDrainStackTargetSize                   = 64                                        {product} {ergonomic}
   size_t InitialHeapSize                          = 134217728                                 {product} {command line}
   size_t MarkStackSize                            = 4194304                                   {product} {ergonomic}
   size_t MaxHeapSize                              = 786432000                                 {product} {command line}
   size_t MaxNewSize                               = 471859200                                 {product} {ergonomic}
   size_t MinHeapDeltaBytes                        = 1048576                                   {product} {ergonomic}
    uintx NonNMethodCodeHeapSize                   = 5836300                                {pd product} {ergonomic}
    uintx NonProfiledCodeHeapSize                  = 122910970                              {pd product} {ergonomic}
    uintx ProfiledCodeHeapSize                     = 122910970                              {pd product} {ergonomic}
    uintx ReservedCodeCacheSize                    = 251658240                              {pd product} {ergonomic}
     bool SegmentedCodeCache                       = true                                      {product} {ergonomic}
     bool UseCompressedClassPointers               = true                                 {lp64_product} {ergonomic}
     bool UseCompressedOops                        = true                                 {lp64_product} {ergonomic}
     bool UseG1GC                                  = true                                      {product} {ergonomic}
     bool UseLargePagesIndividualAllocation        = false                                  {pd product} {ergonomic}

Logging:
Log output configuration:
 #0: stdout all=warning uptime,level,tags
 #1: stderr all=off uptime,level,tags

Environment Variables:
PATH=C:\Python310\Scripts\;C:\Python310\;C:\Program Files\Common Files\Oracle\Java\javapath;C:\Program Files (x86)\Common Files\Intel\Shared Files\cpp\bin\Intel64;C:\Windows\system32;C:\Windows;C:\Windows\System32\Wbem;C:\Windows\System32\WindowsPowerShell\v1.0\;C:\Windows\System32\OpenSSH\;C:\Program Files\dotnet\;C:\Program Files (x86)\dotnet\;C:\xampp\php;C:\ProgramData\ComposerSetup\bin;C:\Program Files (x86)\Brackets\command;C:\Program Files\Git\cmd;C:\Program Files\Git\mingw64\bin;C:\Program Files\Git\usr\bin;C:\ProgramData\chocolatey\bin;C:\HashiCorp\Vagrant\bin;C:\MinGW\bin;C:\Program Files\Amazon\AWSCLIV2\;C:\Program Files\nodejs\;C:\Program Files\Docker\Docker\resources\bin;C:\Program Files\MySQL\MySQL Server 8.0\bin;C:\Users\MACJAYZ\AppData\Local\Microsoft\WindowsApps;C:\Users\MACJAYZ\AppData\Roaming\Composer\vendor\bin;C:\Users\MACJAYZ\AppData\Local\Programs\Microsoft VS Code\bin;C:\Users\MACJAYZ\.dotnet\tools;C:\Program Files\JetBrains\IntelliJ IDEA 2022.1\bin;;C:\Users\MACJAYZ\AppData\Roaming\npm
USERNAME=MACJAYZ
OS=Windows_NT
PROCESSOR_IDENTIFIER=Intel64 Family 6 Model 42 Stepping 7, GenuineIntel



---------------  S Y S T E M  ---------------

OS: Windows 10 , 64 bit Build 19041 (10.0.19041.1151)
OS uptime: 0 days 1:41 hours
Hyper-V role detected

CPU:total 8 (initial active 8) (4 cores per cpu, 2 threads per core) family 6 model 42 stepping 7 microcode 0x2f, cmov, cx8, fxsr, mmx, sse, sse2, sse3, ssse3, sse4.1, sse4.2, popcnt, avx, aes, clmul, ht, tsc, tscinvbit

Memory: 4k page, system-wide physical 7963M (1389M free)
TotalPageFile size 8987M (AvailPageFile size 883M)
current process WorkingSet (physical memory assigned to process): 87M, peak: 141M
current process commit charge ("private bytes"): 241M, peak: 281M

vm_info: OpenJDK 64-Bit Server VM (11.0.14.1+1-b2043.25) for windows-amd64 JRE (11.0.14.1+1-b2043.25), built on Mar 30 2022 06:22:56 by "" with MS VC++ 14.0 (VS2015)

END.
