#
# There is insufficient memory for the Java Runtime Environment to continue.
# Native memory allocation (mmap) failed to map 132120576 bytes for G1 virtual space
# Possible reasons:
#   The system is out of physical RAM or swap space
#   The process is running with CompressedOops enabled, and the Java Heap may be blocking the growth of the native heap
# Possible solutions:
#   Reduce memory load on the system
#   Increase physical memory or swap space
#   Check if swap backing store is full
#   Decrease Java heap size (-Xmx/-Xms)
#   Decrease number of Java threads
#   Decrease Java thread stack sizes (-Xss)
#   Set larger code cache with -XX:ReservedCodeCacheSize=
#   JVM is running with Unscaled Compressed Oops mode in which the Java heap is
#     placed in the first 4GB address space. The Java Heap base address is the
#     maximum limit for the native heap growth. Please use -XX:HeapBaseMinAddress
#     to set the Java Heap base and to place the Java Heap above 4GB virtual address.
# This output file may be truncated or incomplete.
#
#  Out of Memory Error (os_windows.cpp:3530), pid=5408, tid=11212
#
# JRE version:  (18.0.2+9) (build )
# Java VM: Java HotSpot(TM) 64-Bit Server VM (18.0.2+9-61, mixed mode, sharing, tiered, compressed oops, compressed class ptrs, g1 gc, windows-amd64)
# No core dump will be written. Minidumps are not enabled by default on client versions of Windows
#

---------------  S U M M A R Y ------------

Command Line: -Dnet.bytebuddy.agent.attacher.dump= net.bytebuddy.agent.Attacher com.sun.tools.attach.VirtualMachine 12684 C:\Users\MACJAYZ\.m2\repository\net\bytebuddy\byte-buddy-agent\1.14.5\byte-buddy-agent-1.14.5.jar false 

Host: Intel(R) Core(TM) i7-2760QM CPU @ 2.40GHz, 8 cores, 7G,  Windows 10 , 64 bit Build 19041 (10.0.19041.1151)
Time: Sun Jul  2 23:53:55 2023 W. Central Africa Standard Time elapsed time: 0.074451 seconds (0d 0h 0m 0s)

---------------  T H R E A D  ---------------

Current thread (0x0000018bd90af380):  JavaThread "Unknown thread" [_thread_in_vm, id=11212, stack(0x0000005aa5700000,0x0000005aa5800000)]

Stack: [0x0000005aa5700000,0x0000005aa5800000]
Native frames: (J=compiled Java code, j=interpreted, Vv=VM code, C=native code)
V  [jvm.dll+0x6993ca]
V  [jvm.dll+0x7f481d]
V  [jvm.dll+0x7f612e]
V  [jvm.dll+0x7f67e3]
V  [jvm.dll+0x25cdaf]
V  [jvm.dll+0x696319]
V  [jvm.dll+0x68ae4a]
V  [jvm.dll+0x3223eb]
V  [jvm.dll+0x329dc6]
V  [jvm.dll+0x37eade]
V  [jvm.dll+0x37ed0f]
V  [jvm.dll+0x2fa16a]
V  [jvm.dll+0x2fb1cd]
V  [jvm.dll+0x7c3450]
V  [jvm.dll+0x38be61]
V  [jvm.dll+0x7a2073]
V  [jvm.dll+0x40dc3f]
V  [jvm.dll+0x40f611]
C  [jli.dll+0x526b]
C  [ucrtbase.dll+0x21bb2]
C  [KERNEL32.DLL+0x17034]
C  [ntdll.dll+0x52651]


---------------  P R O C E S S  ---------------

Threads class SMR info:
_java_thread_list=0x00007ffaecfde550, length=0, elements={
}

Java Threads: ( => current thread )

Other Threads:
  0x0000018bd90efb20 WorkerThread "GC Thread#0" [stack: 0x0000005aa5800000,0x0000005aa5900000] [id=284]
  0x0000018bf46d4920 ConcurrentGCThread "G1 Main Marker" [stack: 0x0000005aa5900000,0x0000005aa5a00000] [id=1140]
  0x0000018bd90fc680 WorkerThread "G1 Conc#0" [stack: 0x0000005aa5a00000,0x0000005aa5b00000] [id=2720]

[error occurred during error reporting (printing all threads), id 0xc0000005, EXCEPTION_ACCESS_VIOLATION (0xc0000005) at pc=0x00007ffaec80a707]

VM state: not at safepoint (not fully initialized)

VM Mutex/Monitor currently owned by a thread:  ([mutex/lock_event])
[0x0000018bd90abea0] Heap_lock - owner thread: 0x0000018bd90af380

Heap address: 0x0000000083800000, size: 1992 MB, Compressed Oops mode: 32-bit

CDS archive(s) mapped at: [0x0000000000000000-0x0000000000000000-0x0000000000000000), size 0, SharedBaseAddress: 0x0000000800000000, ArchiveRelocationMode: 0.
Narrow klass base: 0x0000000000000000, Narrow klass shift: 0, Narrow klass range: 0x0

GC Precious Log:
 CardTable entry size: 512
 Card Set container configuration: InlinePtr #cards 5 size 8 Array Of Cards #cards 12 size 40 Howl #buckets 4 coarsen threshold 1843 Howl Bitmap #cards 512 size 80 coarsen threshold 460 Card regions per heap region 1 cards per card region 2048

Heap:
 garbage-first heap   total 0K, used 0K [0x0000000083800000, 0x0000000100000000)
  region size 1024K, 0 young (0K), 0 survivors (0K)

[error occurred during error reporting (printing heap information), id 0xc0000005, EXCEPTION_ACCESS_VIOLATION (0xc0000005) at pc=0x00007ffaecbf1859]

GC Heap History (0 events):
No events

Deoptimization events (0 events):
No events

Classes loaded (0 events):
No events

Classes unloaded (0 events):
No events

Classes redefined (0 events):
No events

Internal exceptions (0 events):
No events

VM Operations (0 events):
No events

Events (1 events):
Event: 0.017 Loaded shared library C:\Program Files\Java\jdk-18.0.2\bin\java.dll


Dynamic libraries:
0x00007ff770b20000 - 0x00007ff770b30000 	C:\Program Files\Java\jdk-18.0.2\bin\java.exe
0x00007ffb17b50000 - 0x00007ffb17d45000 	C:\Windows\SYSTEM32\ntdll.dll
0x00007ffb16740000 - 0x00007ffb167fd000 	C:\Windows\System32\KERNEL32.DLL
0x00007ffb15280000 - 0x00007ffb15549000 	C:\Windows\System32\KERNELBASE.dll
0x00007ffb15a80000 - 0x00007ffb15b80000 	C:\Windows\System32\ucrtbase.dll
0x00007ffb0c690000 - 0x00007ffb0c6a8000 	C:\Program Files\Java\jdk-18.0.2\bin\jli.dll
0x00007ffb01540000 - 0x00007ffb0155a000 	C:\Program Files\Java\jdk-18.0.2\bin\VCRUNTIME140.dll
0x00007ffb16a90000 - 0x00007ffb16b3c000 	C:\Windows\System32\ADVAPI32.dll
0x00007ffb164c0000 - 0x00007ffb1655e000 	C:\Windows\System32\msvcrt.dll
0x00007ffb17100000 - 0x00007ffb1719b000 	C:\Windows\System32\sechost.dll
0x00007ffb15be0000 - 0x00007ffb15d0a000 	C:\Windows\System32\RPCRT4.dll
0x00007ffb16800000 - 0x00007ffb169a0000 	C:\Windows\System32\USER32.dll
0x00007ffb15b80000 - 0x00007ffb15ba2000 	C:\Windows\System32\win32u.dll
0x00007ffb15bb0000 - 0x00007ffb15bda000 	C:\Windows\System32\GDI32.dll
0x00007ffb15550000 - 0x00007ffb1565b000 	C:\Windows\System32\gdi32full.dll
0x00007ffb046d0000 - 0x00007ffb0496a000 	C:\Windows\WinSxS\amd64_microsoft.windows.common-controls_6595b64144ccf1df_6.0.19041.1110_none_60b5254171f9507e\COMCTL32.dll
0x00007ffb15760000 - 0x00007ffb157fd000 	C:\Windows\System32\msvcp_win.dll
0x00007ffb14d20000 - 0x00007ffb14d2a000 	C:\Windows\SYSTEM32\VERSION.dll
0x00007ffb16a50000 - 0x00007ffb16a80000 	C:\Windows\System32\IMM32.DLL
0x00007ffb144a0000 - 0x00007ffb144d6000 	C:\Windows\system32\DriverStore\FileRepository\nvltwi.inf_amd64_f06643783fa5b0fd\nvinitx.dll
0x00007ffb173d0000 - 0x00007ffb17b0f000 	C:\Windows\System32\Shell32.dll
0x00007ffb132a0000 - 0x00007ffb13a30000 	C:\Windows\SYSTEM32\windows.storage.dll
0x00007ffb16d30000 - 0x00007ffb17085000 	C:\Windows\System32\combase.dll
0x00007ffb14b90000 - 0x00007ffb14bbc000 	C:\Windows\SYSTEM32\Wldp.dll
0x00007ffb169a0000 - 0x00007ffb16a4e000 	C:\Windows\System32\SHCORE.dll
0x00007ffb16670000 - 0x00007ffb166c5000 	C:\Windows\System32\shlwapi.dll
0x000000006db60000 - 0x000000006db67000 	C:\Program Files\NVIDIA Corporation\CoProcManager\_etoured.dll
0x00007ffb0ceb0000 - 0x00007ffb0cef3000 	C:\Program Files\NVIDIA Corporation\CoProcManager\nvd3d9wrapx.dll
0x00007ffb15d10000 - 0x00007ffb16182000 	C:\Windows\System32\SETUPAPI.dll
0x00007ffb15710000 - 0x00007ffb1575e000 	C:\Windows\System32\cfgmgr32.dll
0x00007ffb15890000 - 0x00007ffb158b7000 	C:\Windows\System32\bcrypt.dll
0x00007ffb0ce40000 - 0x00007ffb0ce6d000 	C:\Program Files\NVIDIA Corporation\CoProcManager\nvdxgiwrapx.dll
0x000000006ca80000 - 0x000000006ca8c000 	C:\Program Files (x86)\360\Total Security\safemon\SafeWrapper.dll
0x00007ffaf0270000 - 0x00007ffaf0302000 	C:\Program Files (x86)\360\Total Security\safemon\libzdtp64.dll
0x00007ffb023d0000 - 0x00007ffb023dc000 	C:\Program Files\Java\jdk-18.0.2\bin\vcruntime140_1.dll
0x00007ffaf01e0000 - 0x00007ffaf026d000 	C:\Program Files\Java\jdk-18.0.2\bin\msvcp140.dll
0x00007ffaec500000 - 0x00007ffaed111000 	C:\Program Files\Java\jdk-18.0.2\bin\server\jvm.dll
0x00007ffb17200000 - 0x00007ffb17208000 	C:\Windows\System32\PSAPI.DLL
0x00007ffb10c70000 - 0x00007ffb10c79000 	C:\Windows\SYSTEM32\WSOCK32.dll
0x00007ffb0b000000 - 0x00007ffb0b027000 	C:\Windows\SYSTEM32\WINMM.dll
0x00007ffb166d0000 - 0x00007ffb1673b000 	C:\Windows\System32\WS2_32.dll
0x00007ffb130a0000 - 0x00007ffb130b2000 	C:\Windows\SYSTEM32\kernel.appcore.dll
0x00007ffb01750000 - 0x00007ffb0175a000 	C:\Program Files\Java\jdk-18.0.2\bin\jimage.dll
0x00007ffb02ae0000 - 0x00007ffb02cc4000 	C:\Windows\SYSTEM32\DBGHELP.DLL
0x00007ffb029b0000 - 0x00007ffb029dc000 	C:\Windows\SYSTEM32\dbgcore.DLL
0x00007ffb15800000 - 0x00007ffb15883000 	C:\Windows\System32\bcryptPrimitives.dll
0x00007ffaf5a70000 - 0x00007ffaf5a95000 	C:\Program Files\Java\jdk-18.0.2\bin\java.dll

dbghelp: loaded successfully - version: 4.0.5 - missing functions: none
symbol engine: initialized successfully - sym options: 0x614 - pdb path: .;C:\Program Files\Java\jdk-18.0.2\bin;C:\Windows\SYSTEM32;C:\Windows\WinSxS\amd64_microsoft.windows.common-controls_6595b64144ccf1df_6.0.19041.1110_none_60b5254171f9507e;C:\Windows\system32\DriverStore\FileRepository\nvltwi.inf_amd64_f06643783fa5b0fd;C:\Program Files\NVIDIA Corporation\CoProcManager;C:\Program Files (x86)\360\Total Security\safemon;C:\Program Files\Java\jdk-18.0.2\bin\server

VM Arguments:
jvm_args: -Dnet.bytebuddy.agent.attacher.dump= 
java_command: net.bytebuddy.agent.Attacher com.sun.tools.attach.VirtualMachine 12684 C:\Users\MACJAYZ\.m2\repository\net\bytebuddy\byte-buddy-agent\1.14.5\byte-buddy-agent-1.14.5.jar false 
java_class_path (initial): C:\Users\MACJAYZ\.m2\repository\net\bytebuddy\byte-buddy-agent\1.14.5\byte-buddy-agent-1.14.5.jar
Launcher Type: SUN_STANDARD

[Global flags]
     intx CICompilerCount                          = 4                                         {product} {ergonomic}
     uint ConcGCThreads                            = 2                                         {product} {ergonomic}
     uint G1ConcRefinementThreads                  = 8                                         {product} {ergonomic}
   size_t G1HeapRegionSize                         = 1048576                                   {product} {ergonomic}
    uintx GCDrainStackTargetSize                   = 64                                        {product} {ergonomic}
   size_t InitialHeapSize                          = 132120576                                 {product} {ergonomic}
   size_t MarkStackSize                            = 4194304                                   {product} {ergonomic}
   size_t MaxHeapSize                              = 2088763392                                {product} {ergonomic}
   size_t MinHeapDeltaBytes                        = 1048576                                   {product} {ergonomic}
   size_t MinHeapSize                              = 8388608                                   {product} {ergonomic}
    uintx NonNMethodCodeHeapSize                   = 5839372                                {pd product} {ergonomic}
    uintx NonProfiledCodeHeapSize                  = 122909434                              {pd product} {ergonomic}
    uintx ProfiledCodeHeapSize                     = 122909434                              {pd product} {ergonomic}
    uintx ReservedCodeCacheSize                    = 251658240                              {pd product} {ergonomic}
     bool SegmentedCodeCache                       = true                                      {product} {ergonomic}
   size_t SoftMaxHeapSize                          = 2088763392                             {manageable} {ergonomic}
     bool UseCompressedClassPointers               = true                           {product lp64_product} {ergonomic}
     bool UseCompressedOops                        = true                           {product lp64_product} {ergonomic}
     bool UseG1GC                                  = true                                      {product} {ergonomic}
     bool UseLargePagesIndividualAllocation        = false                                  {pd product} {ergonomic}

Logging:
Log output configuration:
 #0: stdout all=warning uptime,level,tags foldmultilines=false
 #1: stderr all=off uptime,level,tags foldmultilines=false

Environment Variables:
PATH=C:\Python310\Scripts\;C:\Python310\;C:\Program Files\Common Files\Oracle\Java\javapath;C:\Program Files (x86)\Common Files\Intel\Shared Files\cpp\bin\Intel64;C:\Windows\system32;C:\Windows;C:\Windows\System32\Wbem;C:\Windows\System32\WindowsPowerShell\v1.0\;C:\Windows\System32\OpenSSH\;C:\Program Files\dotnet\;C:\Program Files (x86)\dotnet\;C:\xampp\php;C:\ProgramData\ComposerSetup\bin;C:\Program Files (x86)\Brackets\command;C:\Program Files\Git\cmd;C:\Program Files\Git\mingw64\bin;C:\Program Files\Git\usr\bin;C:\ProgramData\chocolatey\bin;C:\HashiCorp\Vagrant\bin;C:\MinGW\bin;C:\Program Files\Amazon\AWSCLIV2\;C:\Program Files\nodejs\;C:\Program Files\Docker\Docker\resources\bin;C:\Program Files\MySQL\MySQL Server 8.0\bin;C:\Users\MACJAYZ\AppData\Local\Microsoft\WindowsApps;C:\Users\MACJAYZ\AppData\Roaming\Composer\vendor\bin;C:\Users\MACJAYZ\AppData\Local\Programs\Microsoft VS Code\bin;C:\Users\MACJAYZ\.dotnet\tools;C:\Program Files\JetBrains\IntelliJ IDEA 2022.1\bin;;C:\Users\MACJAYZ\AppData\Roaming\npm
USERNAME=MACJAYZ
OS=Windows_NT
PROCESSOR_IDENTIFIER=Intel64 Family 6 Model 42 Stepping 7, GenuineIntel



---------------  S Y S T E M  ---------------

OS:
 Windows 10 , 64 bit Build 19041 (10.0.19041.1151)
OS uptime: 0 days 6:54 hours
Hyper-V role detected

CPU: total 8 (initial active 8) (4 cores per cpu, 2 threads per core) family 6 model 42 stepping 7 microcode 0x2f, cx8, cmov, fxsr, ht, mmx, sse, sse2, sse3, ssse3, sse4.1, sse4.2, popcnt, tsc, tscinvbit, avx, aes, clmul, vzeroupper, clflush, hv

Memory: 4k page, system-wide physical 7963M (1375M free)
TotalPageFile size 8987M (AvailPageFile size 14M)
current process WorkingSet (physical memory assigned to process): 13M, peak: 13M
current process commit charge ("private bytes"): 61M, peak: 187M

vm_info: Java HotSpot(TM) 64-Bit Server VM (18.0.2+9-61) for windows-amd64 JRE (18.0.2+9-61), built on Jun  7 2022 13:09:01 by "mach5one" with MS VC++ 16.8 / 16.9 (VS2019)

END.
